# JRE version: OpenJDK Runtime Environment (11.0.10) (build 11.0.10+0-b96-7249189)
# Java VM: OpenJDK 64-Bit Server VM (11.0.10+0-b96-7249189, mixed mode, tiered, compressed oops, g1 gc, windows-amd64)
Heap:
 garbage-first heap   total 376832K, used 366893K [0x0000000080000000, 0x0000000100000000)
  region size 1024K, 88 young (90112K), 9 survivors (9216K)
 Metaspace       used 133859K, capacity 138151K, committed 138572K, reserved 1169408K
  class space    used 16615K, capacity 18054K, committed 18252K, reserved 1048576K
GC Heap History (20 events):
Event: 2332.237 GC heap before
{Heap before GC invocations=65 (full 0):
 garbage-first heap   total 370688K, used 270167K [0x0000000080000000, 0x0000000100000000)
  region size 1024K, 131 young (134144K), 3 survivors (3072K)
 Metaspace       used 132109K, capacity 136622K, committed 136780K, reserved 1167360K
  class space    used 16702K, capacity 18219K, committed 18252K, reserved 1048576K
}
Event: 2332.263 GC heap after
{Heap after GC invocations=66 (full 0):
 garbage-first heap   total 370688K, used 145188K [0x0000000080000000, 0x0000000100000000)
  region size 1024K, 8 young (8192K), 8 survivors (8192K)
 Metaspace       used 132109K, capacity 136622K, committed 136780K, reserved 1167360K
  class space    used 16702K, capacity 18219K, committed 18252K, reserved 1048576K
}
Event: 2338.432 GC heap before
{Heap before GC invocations=67 (full 0):
 garbage-first heap   total 370688K, used 309028K [0x0000000080000000, 0x0000000100000000)
  region size 1024K, 152 young (155648K), 8 survivors (8192K)
 Metaspace       used 131839K, capacity 135955K, committed 136780K, reserved 1167360K
  class space    used 16575K, capacity 17991K, committed 18252K, reserved 1048576K
}
Event: 2338.457 GC heap after
{Heap after GC invocations=68 (full 0):
 garbage-first heap   total 370688K, used 151217K [0x0000000080000000, 0x0000000100000000)
  region size 1024K, 14 young (14336K), 14 survivors (14336K)
 Metaspace       used 131839K, capacity 135955K, committed 136780K, reserved 1167360K
  class space    used 16575K, capacity 17991K, committed 18252K, reserved 1048576K
}
Event: 2338.947 GC heap before
{Heap before GC invocations=68 (full 0):
 garbage-first heap   total 370688K, used 155313K [0x0000000080000000, 0x0000000100000000)
  region size 1024K, 18 young (18432K), 14 survivors (14336K)
 Metaspace       used 131858K, capacity 135955K, committed 136780K, reserved 1167360K
  class space    used 16575K, capacity 17991K, committed 18252K, reserved 1048576K
}
Event: 2338.982 GC heap after
{Heap after GC invocations=69 (full 0):
 garbage-first heap   total 370688K, used 140602K [0x0000000080000000, 0x0000000100000000)
  region size 1024K, 3 young (3072K), 3 survivors (3072K)
 Metaspace       used 131858K, capacity 135955K, committed 136780K, reserved 1167360K
  class space    used 16575K, capacity 17991K, committed 18252K, reserved 1048576K
}
Event: 2339.120 GC heap before
{Heap before GC invocations=69 (full 0):
 garbage-first heap   total 370688K, used 141626K [0x0000000080000000, 0x0000000100000000)
  region size 1024K, 5 young (5120K), 3 survivors (3072K)
 Metaspace       used 131880K, capacity 136020K, committed 136780K, reserved 1167360K
  class space    used 16575K, capacity 17991K, committed 18252K, reserved 1048576K
}
Event: 2339.139 GC heap after
{Heap after GC invocations=70 (full 0):
 garbage-first heap   total 370688K, used 139545K [0x0000000080000000, 0x0000000100000000)
  region size 1024K, 2 young (2048K), 2 survivors (2048K)
 Metaspace       used 131880K, capacity 136020K, committed 136780K, reserved 1167360K
  class space    used 16575K, capacity 17991K, committed 18252K, reserved 1048576K
}
Event: 2341.885 GC heap before
{Heap before GC invocations=71 (full 0):
 garbage-first heap   total 370688K, used 267545K [0x0000000080000000, 0x0000000100000000)
  region size 1024K, 124 young (126976K), 2 survivors (2048K)
 Metaspace       used 131484K, capacity 135478K, committed 136780K, reserved 1167360K
  class space    used 16474K, capacity 17896K, committed 18252K, reserved 1048576K
}
Event: 2341.900 GC heap after
{Heap after GC invocations=72 (full 0):
 garbage-first heap   total 370688K, used 146484K [0x0000000080000000, 0x0000000100000000)
  region size 1024K, 9 young (9216K), 9 survivors (9216K)
 Metaspace       used 131484K, capacity 135478K, committed 136780K, reserved 1167360K
  class space    used 16474K, capacity 17896K, committed 18252K, reserved 1048576K
}
Event: 2342.000 GC heap before
{Heap before GC invocations=72 (full 0):
 garbage-first heap   total 370688K, used 155700K [0x0000000080000000, 0x0000000100000000)
  region size 1024K, 18 young (18432K), 9 survivors (9216K)
 Metaspace       used 131517K, capacity 135481K, committed 136780K, reserved 1167360K
  class space    used 16475K, capacity 17896K, committed 18252K, reserved 1048576K
}
Event: 2342.022 GC heap after
{Heap after GC invocations=73 (full 0):
 garbage-first heap   total 370688K, used 137768K [0x0000000080000000, 0x0000000100000000)
  region size 1024K, 2 young (2048K), 2 survivors (2048K)
 Metaspace       used 131517K, capacity 135481K, committed 136780K, reserved 1167360K
  class space    used 16475K, capacity 17896K, committed 18252K, reserved 1048576K
}
Event: 2342.816 GC heap before
{Heap before GC invocations=73 (full 0):
 garbage-first heap   total 370688K, used 176680K [0x0000000080000000, 0x0000000100000000)
  region size 1024K, 42 young (43008K), 2 survivors (2048K)
 Metaspace       used 132057K, capacity 136084K, committed 137036K, reserved 1167360K
  class space    used 16477K, capacity 17897K, committed 18252K, reserved 1048576K
}
Event: 2342.826 GC heap after
{Heap after GC invocations=74 (full 0):
 garbage-first heap   total 370688K, used 138945K [0x0000000080000000, 0x0000000100000000)
  region size 1024K, 4 young (4096K), 4 survivors (4096K)
 Metaspace       used 132057K, capacity 136084K, committed 137036K, reserved 1167360K
  class space    used 16477K, capacity 17897K, committed 18252K, reserved 1048576K
}
Event: 2347.179 GC heap before
{Heap before GC invocations=75 (full 0):
 garbage-first heap   total 370688K, used 368321K [0x0000000080000000, 0x0000000100000000)
  region size 1024K, 83 young (84992K), 4 survivors (4096K)
 Metaspace       used 133060K, capacity 137314K, committed 137804K, reserved 1169408K
  class space    used 16563K, capacity 18002K, committed 18252K, reserved 1048576K
}
Event: 2347.195 GC heap after
{Heap after GC invocations=76 (full 0):
 garbage-first heap   total 376832K, used 141502K [0x0000000080000000, 0x0000000100000000)
  region size 1024K, 6 young (6144K), 6 survivors (6144K)
 Metaspace       used 133060K, capacity 137314K, committed 137804K, reserved 1169408K
  class space    used 16563K, capacity 18002K, committed 18252K, reserved 1048576K
}
Event: 2471.809 GC heap before
{Heap before GC invocations=76 (full 0):
 garbage-first heap   total 376832K, used 152766K [0x0000000080000000, 0x0000000100000000)
  region size 1024K, 18 young (18432K), 6 survivors (6144K)
 Metaspace       used 133358K, capacity 137610K, committed 138060K, reserved 1169408K
  class space    used 16604K, capacity 18037K, committed 18252K, reserved 1048576K
}
Event: 2471.818 GC heap after
{Heap after GC invocations=77 (full 0):
 garbage-first heap   total 376832K, used 139115K [0x0000000080000000, 0x0000000100000000)
  region size 1024K, 2 young (2048K), 2 survivors (2048K)
 Metaspace       used 133358K, capacity 137610K, committed 138060K, reserved 1169408K
  class space    used 16604K, capacity 18037K, committed 18252K, reserved 1048576K
}
Event: 2473.941 GC heap before
{Heap before GC invocations=77 (full 0):
 garbage-first heap   total 376832K, used 210795K [0x0000000080000000, 0x0000000100000000)
  region size 1024K, 74 young (75776K), 2 survivors (2048K)
 Metaspace       used 133592K, capacity 137894K, committed 138316K, reserved 1169408K
  class space    used 16615K, capacity 18057K, committed 18252K, reserved 1048576K
}
Event: 2473.970 GC heap after
{Heap after GC invocations=78 (full 0):
 garbage-first heap   total 376832K, used 146733K [0x0000000080000000, 0x0000000100000000)
  region size 1024K, 9 young (9216K), 9 survivors (9216K)
 Metaspace       used 133592K, capacity 137894K, committed 138316K, reserved 1169408K
  class space    used 16615K, capacity 18057K, committed 18252K, reserved 1048576K
}

